<?xml version="1.0" encoding="UTF-8"?>
<!-- Generated by org.testng.reporters.JUnitXMLReporter -->
<testsuite ignored="0" hostname="C02Z34VTLVCF" failures="1" tests="3" name="Test1" time="24.181" errors="0" timestamp="2022-01-19T21:02:41 IST">
  <testcase classname="application.test.DemoTestNg" name="test1" time="0.005"/>
  <testcase classname="application.test.DemoTestNg" name="test2" time="0.002"/>
  <testcase classname="testng.NewTest" name="enterUrl" time="12.307">
    <failure type="java.lang.AssertionError" message="The following asserts failed:
	expected [xx] but found [Google]">
      <![CDATA[java.lang.AssertionError: The following asserts failed:
expected [xx] but found [Google]
at testng.NewTest.enterUrl(NewTest.java:29)
at java.base/java.util.ArrayList.forEach(ArrayList.java:1511)
... Removed 29 stack frames]]>
    </failure>
  </testcase> <!-- enterUrl -->
</testsuite> <!-- Test1 -->
